<?xml version="1.0" encoding="UTF-8"?>
<!-- Generated by org.testng.reporters.JUnitReportReporter -->
<testsuite hostname="DESKTOP-2BPO14Q" name="com.scripts.loginLogoutTest" tests="2" failures="0" timestamp="23 Dec 2021 15:58:56 GMT" time="2.902" errors="0">
  <testcase name="TCID001_verifyLoginFunctionality" time="2.816" classname="com.scripts.loginLogoutTest"/>
  <testcase name="TCID002_verifyMyAccountPageFunctionality" time="0.086" classname="com.scripts.loginLogoutTest"/>
</testsuite> <!-- com.scripts.loginLogoutTest -->
