<?xml version="1.0" encoding="UTF-8"?>
<!-- Generated by org.testng.reporters.JUnitReportReporter -->
<testsuite hostname="DESKTOP-2BPO14Q" name="com.scripts.MyAccountTest$LoginLogoutTest" tests="1" failures="0" timestamp="24 Dec 2021 08:07:09 GMT" time="0.112" errors="0">
  <testcase name="TCID002_verifyMyAccountFunctionality" time="0.112" classname="com.scripts.MyAccountTest$LoginLogoutTest"/>
</testsuite> <!-- com.scripts.MyAccountTest$LoginLogoutTest -->
